<?xml version="1.0" encoding="UTF-8"?>
<testng-results ignored="0" total="0" passed="0" failed="0" skipped="0">
  <reporter-output>
  </reporter-output>
  <suite started-at="2021-03-26T00:56:33 TRT" name="test.TestiniumTest" finished-at="2021-03-26T00:56:33 TRT" duration-ms="12">
    <groups>
    </groups>
    <test started-at="2021-03-26T00:56:33 TRT" name="Command line test" finished-at="2021-03-26T00:56:33 TRT" duration-ms="12">
    </test> <!-- Command line test -->
  </suite> <!-- test.TestiniumTest -->
</testng-results>
